Design Assistant report for CrossBar
Mon Jan 11 05:33:38 2021
Quartus Prime Version 20.1.0 Build 711 06/05/2020 SJ Lite Edition


---------------------
; Table of Contents ;
---------------------
  1. Legal Notice
  2. Design Assistant Summary
  3. Design Assistant Settings
  4. Medium Violations
  5. Information only Violations
  6. Design Assistant Messages



----------------
; Legal Notice ;
----------------
Copyright (C) 2020  Intel Corporation. All rights reserved.
Your use of Intel Corporation's design tools, logic functions 
and other software and tools, and any partner logic 
functions, and any output files from any of the foregoing 
(including device programming or simulation files), and any 
associated documentation or information are expressly subject 
to the terms and conditions of the Intel Program License 
Subscription Agreement, the Intel Quartus Prime License Agreement,
the Intel FPGA IP License Agreement, or other applicable license
agreement, including, without limitation, that your use is for
the sole purpose of programming logic devices manufactured by
Intel and sold by Intel or its authorized distributors.  Please
refer to the applicable agreement for further details, at
https://fpgasoftware.intel.com/eula.



+-------------------------------------------------------------------------+
; Design Assistant Summary                                                ;
+-----------------------------------+-------------------------------------+
; Design Assistant Status           ; Analyzed - Mon Jan 11 05:33:38 2021 ;
; Revision Name                     ; CrossBar                            ;
; Top-level Entity Name             ; CrossBar                            ;
; Family                            ; MAX II                              ;
; Total Critical Violations         ; 0                                   ;
; Total High Violations             ; 0                                   ;
; Total Medium Violations           ; 1                                   ;
; - Rule R102                       ; 1                                   ;
; Total Information only Violations ; 60                                  ;
; - Rule T101                       ; 10                                  ;
; - Rule T102                       ; 50                                  ;
+-----------------------------------+-------------------------------------+


+------------------------------------------------------------------------------------------------------------------------------------------------------------------------------------------+
; Design Assistant Settings                                                                                                                                                                ;
+----------------------------------------------------------------------------------------------------------------------------------------------------------------------+--------------+----+
; Option                                                                                                                                                               ; Setting      ; To ;
+----------------------------------------------------------------------------------------------------------------------------------------------------------------------+--------------+----+
; Design Assistant mode                                                                                                                                                ; Post-Fitting ;    ;
; Threshold value for clock net not mapped to clock spines rule                                                                                                        ; 25           ;    ;
; Minimum number of clock port feed by gated clocks                                                                                                                    ; 30           ;    ;
; Minimum number of node fan-out                                                                                                                                       ; 30           ;    ;
; Maximum number of nodes to report                                                                                                                                    ; 50           ;    ;
; Rule C101: Gated clock should be implemented according to the Intel FPGA standard scheme                                                                             ; On           ;    ;
; Rule C102: Logic cell should not be used to generate an inverted clock signal                                                                                        ; On           ;    ;
; Rule C103: Gated clock does not feed at least a pre-defined number of clock ports to effectively save power                                                          ; On           ;    ;
; Rule C104: Clock signal source should drive only clock input ports                                                                                                   ; On           ;    ;
; Rule C105: Clock signal should be a global signal                                                                                                                    ; On           ;    ;
; Rule C106: Clock signal source should not drive registers triggered by different clock edges                                                                         ; On           ;    ;
; Rule R101: Combinational logic used as a reset signal should be synchronized                                                                                         ; On           ;    ;
; Rule R102: External reset signals should be synchronized using two cascaded registers                                                                                ; On           ;    ;
; Rule R103: External reset signal should be correctly synchronized                                                                                                    ; On           ;    ;
; Rule R104: The reset signal that is generated in one clock domain and used in another clock domain should be correctly synchronized                                  ; On           ;    ;
; Rule R105: The reset signal that is generated in one clock domain and used in another clock domain should be synchronized                                            ; On           ;    ;
; Rule T101: Nodes with more than the specified number of fan-outs                                                                                                     ; On           ;    ;
; Rule T102: Top nodes with the highest number of fan-outs                                                                                                             ; On           ;    ;
; Rule A101: Design should not contain combinational loops                                                                                                             ; On           ;    ;
; Rule A102: Register output should not drive its own control signal directly or through combinational logic                                                           ; On           ;    ;
; Rule A103: Design should not contain delay chains                                                                                                                    ; On           ;    ;
; Rule A104: Design should not contain ripple clock structures                                                                                                         ; On           ;    ;
; Rule A105: Pulses should not be implemented asynchronously                                                                                                           ; On           ;    ;
; Rule A106: Multiple pulses should not be generated in design                                                                                                         ; On           ;    ;
; Rule A107: Design should not contain SR latches                                                                                                                      ; On           ;    ;
; Rule A108: Design should not contain latches                                                                                                                         ; On           ;    ;
; Rule S101: Output enable and input of the same tri-state node should not be driven by same signal source                                                             ; On           ;    ;
; Rule S102: Synchronous port and asynchronous port of the same register should not be driven by the same signal source                                                ; On           ;    ;
; Rule S103: More than one asynchronous port of a register should not be driven by the same signal source                                                              ; On           ;    ;
; Rule S104: Clock port and any other port of a register should not be driven by the same signal source                                                                ; On           ;    ;
; Rule D101: Data bits are not synchronized when transferred between asynchronous clock domains                                                                        ; On           ;    ;
; Rule D102: Multiple data bits that are transferred across asynchronous clock domains are synchronized, but not all bits may be aligned in the receiving clock domain ; On           ;    ;
; Rule D103: Data bits are not correctly synchronized when transferred between asynchronous clock domains                                                              ; On           ;    ;
+----------------------------------------------------------------------------------------------------------------------------------------------------------------------+--------------+----+


+---------------------------------------------------------------------------------------------------------------------------+
; Medium Violations                                                                                                         ;
+---------------------------------------------------------------------------------------+-----------------------------------+
; Rule name                                                                             ; Name                              ;
+---------------------------------------------------------------------------------------+-----------------------------------+
; Rule R102: External reset signals should be synchronized using two cascaded registers ; reset                             ;
;  Reset signal destination node(s) list                                                ; Control:Cntrl1|state.waitack      ;
;  Reset signal destination node(s) list                                                ; Control:Cntrl1|prt                ;
;  Reset signal destination node(s) list                                                ; Control:Cntrl2|state.waitack      ;
;  Reset signal destination node(s) list                                                ; Control:Cntrl2|prt                ;
;  Reset signal destination node(s) list                                                ; Control:Cntrl1|state.waitreq      ;
;  Reset signal destination node(s) list                                                ; Control:Cntrl2|state.waitreq      ;
;  Reset signal destination node(s) list                                                ; Control:Cntrl1|state.wr           ;
;  Reset signal destination node(s) list                                                ; Control:Cntrl2|state.wr           ;
;  Reset signal destination node(s) list                                                ; Multiplex:Communication|m0data[0] ;
;  Reset signal destination node(s) list                                                ; Multiplex:Communication|m1data[0] ;
+---------------------------------------------------------------------------------------+-----------------------------------+


+---------------------------------------------------------------------------------------------------------------+
; Information only Violations                                                                                   ;
+----------------------------------------------------------------------+------------------------------+---------+
; Rule name                                                            ; Name                         ; Fan-Out ;
+----------------------------------------------------------------------+------------------------------+---------+
; Rule T101: Nodes with more than the specified number of fan-outs     ; Control:Cntrl1|cmd~0         ; 33      ;
; Rule T101: Nodes with more than the specified number of fan-outs     ; Control:Cntrl2|cmd~0         ; 33      ;
; Rule T101: Nodes with more than the specified number of fan-outs     ; m0cmd                        ; 66      ;
; Rule T101: Nodes with more than the specified number of fan-outs     ; m1cmd                        ; 66      ;
; Rule T101: Nodes with more than the specified number of fan-outs     ; Control:Cntrl1|prt           ; 72      ;
; Rule T101: Nodes with more than the specified number of fan-outs     ; Control:Cntrl2|prt           ; 72      ;
; Rule T101: Nodes with more than the specified number of fan-outs     ; clk                          ; 72      ;
; Rule T101: Nodes with more than the specified number of fan-outs     ; reset                        ; 72      ;
; Rule T101: Nodes with more than the specified number of fan-outs     ; muxm0~0                      ; 32      ;
; Rule T101: Nodes with more than the specified number of fan-outs     ; muxm1~0                      ; 32      ;
; Rule T102: Top nodes with the highest number of fan-outs             ; clk                          ; 72      ;
; Rule T102: Top nodes with the highest number of fan-outs             ; reset                        ; 72      ;
; Rule T102: Top nodes with the highest number of fan-outs             ; Control:Cntrl1|prt           ; 72      ;
; Rule T102: Top nodes with the highest number of fan-outs             ; Control:Cntrl2|prt           ; 72      ;
; Rule T102: Top nodes with the highest number of fan-outs             ; m0cmd                        ; 66      ;
; Rule T102: Top nodes with the highest number of fan-outs             ; m1cmd                        ; 66      ;
; Rule T102: Top nodes with the highest number of fan-outs             ; Control:Cntrl2|cmd~0         ; 33      ;
; Rule T102: Top nodes with the highest number of fan-outs             ; Control:Cntrl1|cmd~0         ; 33      ;
; Rule T102: Top nodes with the highest number of fan-outs             ; muxm1~0                      ; 32      ;
; Rule T102: Top nodes with the highest number of fan-outs             ; muxm0~0                      ; 32      ;
; Rule T102: Top nodes with the highest number of fan-outs             ; Control:Cntrl1|state.waitack ; 9       ;
; Rule T102: Top nodes with the highest number of fan-outs             ; Control:Cntrl2|state.waitack ; 9       ;
; Rule T102: Top nodes with the highest number of fan-outs             ; m1req                        ; 8       ;
; Rule T102: Top nodes with the highest number of fan-outs             ; m0req                        ; 8       ;
; Rule T102: Top nodes with the highest number of fan-outs             ; m0addr[31]                   ; 6       ;
; Rule T102: Top nodes with the highest number of fan-outs             ; m1addr[31]                   ; 6       ;
; Rule T102: Top nodes with the highest number of fan-outs             ; Control:Cntrl2|state.waitreq ; 5       ;
; Rule T102: Top nodes with the highest number of fan-outs             ; Control:Cntrl1|state.waitreq ; 5       ;
; Rule T102: Top nodes with the highest number of fan-outs             ; Control:Cntrl2|state.wr      ; 4       ;
; Rule T102: Top nodes with the highest number of fan-outs             ; Control:Cntrl1|state.wr      ; 4       ;
; Rule T102: Top nodes with the highest number of fan-outs             ; s0ack                        ; 3       ;
; Rule T102: Top nodes with the highest number of fan-outs             ; s1ack                        ; 3       ;
; Rule T102: Top nodes with the highest number of fan-outs (tri-state) ; s1rw[19]~19                  ; 2       ;
; Rule T102: Top nodes with the highest number of fan-outs             ; m0addr[3]                    ; 2       ;
; Rule T102: Top nodes with the highest number of fan-outs (tri-state) ; s0rw[17]~17                  ; 2       ;
; Rule T102: Top nodes with the highest number of fan-outs (tri-state) ; s0rw[27]~27                  ; 2       ;
; Rule T102: Top nodes with the highest number of fan-outs             ; m1addr[5]                    ; 2       ;
; Rule T102: Top nodes with the highest number of fan-outs             ; m0addr[30]                   ; 2       ;
; Rule T102: Top nodes with the highest number of fan-outs             ; m1addr[10]                   ; 2       ;
; Rule T102: Top nodes with the highest number of fan-outs (tri-state) ; s1rw[18]~18                  ; 2       ;
; Rule T102: Top nodes with the highest number of fan-outs             ; m1addr[30]                   ; 2       ;
; Rule T102: Top nodes with the highest number of fan-outs             ; m0addr[29]                   ; 2       ;
; Rule T102: Top nodes with the highest number of fan-outs (tri-state) ; s0rw[2]~2                    ; 2       ;
; Rule T102: Top nodes with the highest number of fan-outs             ; m1addr[29]                   ; 2       ;
; Rule T102: Top nodes with the highest number of fan-outs             ; m0addr[18]                   ; 2       ;
; Rule T102: Top nodes with the highest number of fan-outs (tri-state) ; s1rw[24]~24                  ; 2       ;
; Rule T102: Top nodes with the highest number of fan-outs             ; m0addr[28]                   ; 2       ;
; Rule T102: Top nodes with the highest number of fan-outs (tri-state) ; s0rw[18]~18                  ; 2       ;
; Rule T102: Top nodes with the highest number of fan-outs             ; m1addr[28]                   ; 2       ;
; Rule T102: Top nodes with the highest number of fan-outs (tri-state) ; s1rw[10]~10                  ; 2       ;
; Rule T102: Top nodes with the highest number of fan-outs             ; m0addr[27]                   ; 2       ;
; Rule T102: Top nodes with the highest number of fan-outs (tri-state) ; s0rw[28]~28                  ; 2       ;
; Rule T102: Top nodes with the highest number of fan-outs (tri-state) ; s1rw[3]~3                    ; 2       ;
; Rule T102: Top nodes with the highest number of fan-outs             ; m1addr[27]                   ; 2       ;
; Rule T102: Top nodes with the highest number of fan-outs             ; m1addr[11]                   ; 2       ;
; Rule T102: Top nodes with the highest number of fan-outs             ; m0addr[2]                    ; 2       ;
; Rule T102: Top nodes with the highest number of fan-outs             ; m0addr[26]                   ; 2       ;
; Rule T102: Top nodes with the highest number of fan-outs             ; m1addr[26]                   ; 2       ;
; Rule T102: Top nodes with the highest number of fan-outs             ; m0addr[6]                    ; 2       ;
; Rule T102: Top nodes with the highest number of fan-outs             ; m0addr[25]                   ; 2       ;
+----------------------------------------------------------------------+------------------------------+---------+


+---------------------------+
; Design Assistant Messages ;
+---------------------------+
Info: *******************************************************************
Info: Running Quartus Prime Design Assistant
    Info: Version 20.1.0 Build 711 06/05/2020 SJ Lite Edition
    Info: Processing started: Mon Jan 11 05:33:37 2021
Info: Command: quartus_drc CrossBar -c CrossBar
Warning (18236): Number of processors has not been specified which may cause overloading on shared machines.  Set the global assignment NUM_PARALLEL_PROCESSORS in your QSF to an appropriate value for best performance.
Info (332104): Reading SDC File: 'pipemult.sdc'
Warning (308023): (Medium) Rule R102: External reset signals should be synchronized using two cascaded registers. Found 1 node(s) related to this rule.
    Warning (308010): Node  "reset" File: D:/Personal data 2/Coding practic/Quartus/CrossBar/CrossBar.sv Line: 7
Info (308046): (Information) Rule T101: Nodes with more than the specified number of fan-outs. (Value defined:30). Found 10 node(s) with highest fan-out.
    Info (308011): Node  "Control:Cntrl1|cmd~0" File: D:/Personal data 2/Coding practic/Quartus/CrossBar/Control.sv Line: 4
    Info (308011): Node  "Control:Cntrl2|cmd~0" File: D:/Personal data 2/Coding practic/Quartus/CrossBar/Control.sv Line: 4
    Info (308011): Node  "m0cmd" File: D:/Personal data 2/Coding practic/Quartus/CrossBar/CrossBar.sv Line: 7
    Info (308011): Node  "m1cmd" File: D:/Personal data 2/Coding practic/Quartus/CrossBar/CrossBar.sv Line: 7
    Info (308011): Node  "Control:Cntrl1|prt" File: D:/Personal data 2/Coding practic/Quartus/CrossBar/Control.sv Line: 46
    Info (308011): Node  "Control:Cntrl2|prt" File: D:/Personal data 2/Coding practic/Quartus/CrossBar/Control.sv Line: 46
    Info (308011): Node  "clk" File: D:/Personal data 2/Coding practic/Quartus/CrossBar/CrossBar.sv Line: 7
    Info (308011): Node  "reset" File: D:/Personal data 2/Coding practic/Quartus/CrossBar/CrossBar.sv Line: 7
    Info (308011): Node  "muxm0~0" File: D:/Personal data 2/Coding practic/Quartus/CrossBar/CrossBar.sv Line: 9
    Info (308011): Node  "muxm1~0" File: D:/Personal data 2/Coding practic/Quartus/CrossBar/CrossBar.sv Line: 9
Info (308044): (Information) Rule T102: Top nodes with the highest number of fan-outs. (Value defined:50). Found 50 node(s) with highest fan-out.
    Info (308011): Node  "clk" File: D:/Personal data 2/Coding practic/Quartus/CrossBar/CrossBar.sv Line: 7
    Info (308011): Node  "reset" File: D:/Personal data 2/Coding practic/Quartus/CrossBar/CrossBar.sv Line: 7
    Info (308011): Node  "Control:Cntrl1|prt" File: D:/Personal data 2/Coding practic/Quartus/CrossBar/Control.sv Line: 46
    Info (308011): Node  "Control:Cntrl2|prt" File: D:/Personal data 2/Coding practic/Quartus/CrossBar/Control.sv Line: 46
    Info (308011): Node  "m0cmd" File: D:/Personal data 2/Coding practic/Quartus/CrossBar/CrossBar.sv Line: 7
    Info (308011): Node  "m1cmd" File: D:/Personal data 2/Coding practic/Quartus/CrossBar/CrossBar.sv Line: 7
    Info (308011): Node  "Control:Cntrl2|cmd~0" File: D:/Personal data 2/Coding practic/Quartus/CrossBar/Control.sv Line: 4
    Info (308011): Node  "Control:Cntrl1|cmd~0" File: D:/Personal data 2/Coding practic/Quartus/CrossBar/Control.sv Line: 4
    Info (308011): Node  "muxm1~0" File: D:/Personal data 2/Coding practic/Quartus/CrossBar/CrossBar.sv Line: 9
    Info (308011): Node  "muxm0~0" File: D:/Personal data 2/Coding practic/Quartus/CrossBar/CrossBar.sv Line: 9
    Info (308011): Node  "Control:Cntrl1|state.waitack" File: D:/Personal data 2/Coding practic/Quartus/CrossBar/Control.sv Line: 7
    Info (308011): Node  "Control:Cntrl2|state.waitack" File: D:/Personal data 2/Coding practic/Quartus/CrossBar/Control.sv Line: 7
    Info (308011): Node  "m1req" File: D:/Personal data 2/Coding practic/Quartus/CrossBar/CrossBar.sv Line: 7
    Info (308011): Node  "m0req" File: D:/Personal data 2/Coding practic/Quartus/CrossBar/CrossBar.sv Line: 7
    Info (308011): Node  "m0addr[31]" File: D:/Personal data 2/Coding practic/Quartus/CrossBar/CrossBar.sv Line: 6
    Info (308011): Node  "m1addr[31]" File: D:/Personal data 2/Coding practic/Quartus/CrossBar/CrossBar.sv Line: 6
    Info (308011): Node  "Control:Cntrl2|state.waitreq" File: D:/Personal data 2/Coding practic/Quartus/CrossBar/Control.sv Line: 7
    Info (308011): Node  "Control:Cntrl1|state.waitreq" File: D:/Personal data 2/Coding practic/Quartus/CrossBar/Control.sv Line: 7
    Info (308011): Node  "Control:Cntrl2|state.wr" File: D:/Personal data 2/Coding practic/Quartus/CrossBar/Control.sv Line: 7
    Info (308011): Node  "Control:Cntrl1|state.wr" File: D:/Personal data 2/Coding practic/Quartus/CrossBar/Control.sv Line: 7
    Info (308011): Node  "s0ack" File: D:/Personal data 2/Coding practic/Quartus/CrossBar/CrossBar.sv Line: 7
    Info (308011): Node  "s1ack" File: D:/Personal data 2/Coding practic/Quartus/CrossBar/CrossBar.sv Line: 7
    Info (308011): Node (tri-state) "s1rw[19]~19" File: D:/Personal data 2/Coding practic/Quartus/CrossBar/CrossBar.sv Line: 3
    Info (308011): Node  "m0addr[3]" File: D:/Personal data 2/Coding practic/Quartus/CrossBar/CrossBar.sv Line: 6
    Info (308011): Node (tri-state) "s0rw[17]~17" File: D:/Personal data 2/Coding practic/Quartus/CrossBar/CrossBar.sv Line: 3
    Info (308011): Node (tri-state) "s0rw[27]~27" File: D:/Personal data 2/Coding practic/Quartus/CrossBar/CrossBar.sv Line: 3
    Info (308011): Node  "m1addr[5]" File: D:/Personal data 2/Coding practic/Quartus/CrossBar/CrossBar.sv Line: 6
    Info (308011): Node  "m0addr[30]" File: D:/Personal data 2/Coding practic/Quartus/CrossBar/CrossBar.sv Line: 6
    Info (308011): Node  "m1addr[10]" File: D:/Personal data 2/Coding practic/Quartus/CrossBar/CrossBar.sv Line: 6
    Info (308011): Node (tri-state) "s1rw[18]~18" File: D:/Personal data 2/Coding practic/Quartus/CrossBar/CrossBar.sv Line: 3
    Info (308002): Truncated list of Design Assistant messages to 30 messages. Go to sections under Design Assistant section of Compilation Report for complete lists of Design Assistant messages generated.
Info (308007): Design Assistant information: finished post-fitting analysis of current design -- generated 60 information messages and 1 warning messages
Info: Quartus Prime Design Assistant was successful. 0 errors, 3 warnings
    Info: Peak virtual memory: 4620 megabytes
    Info: Processing ended: Mon Jan 11 05:33:38 2021
    Info: Elapsed time: 00:00:01
    Info: Total CPU time (on all processors): 00:00:00


